<?xml version="1.0" encoding="UTF-8"?>
<!-- Generated by org.testng.reporters.JUnitXMLReporter -->
<testsuite ignored="3" hostname="DESKTOP-TG7PT2T" failures="0" tests="1" name="Default test" time="2.872" errors="0" timestamp="2025-09-10T19:23:06 IST">
  <testcase classname="testscripts.LoginTest" name="verifyLoginWithInValidCredentials" time="0.858"/>
  <testcase classname="testscripts.LoginTest" name="verifyLoginWithInValidUserNameAndValidPassword" time="0.0">
    <ignored/>
  </testcase> <!-- verifyLoginWithInValidUserNameAndValidPassword -->
  <testcase classname="testscripts.LoginTest" name="verifyLoginWithValidCredentials" time="0.0">
    <ignored/>
  </testcase> <!-- verifyLoginWithValidCredentials -->
  <testcase classname="testscripts.LoginTest" name="verifyLoginWithValidUserNameInvalidPassword" time="0.0">
    <ignored/>
  </testcase> <!-- verifyLoginWithValidUserNameInvalidPassword -->
</testsuite> <!-- Default test -->
