<?xml version="1.0" encoding="UTF-8"?>
<!-- Generated by org.testng.reporters.JUnitXMLReporter -->
<testsuite ignored="0" hostname="DESKTOP-TG7PT2T" failures="0" tests="3" name="Default test" time="10.549" errors="0" timestamp="2025-09-10T09:40:19 IST">
  <testcase classname="testscripts.LoginTest" name="verifyLoginWithInValidCredentials" time="0.35"/>
  <testcase classname="testscripts.LoginTest" name="verifyLoginWithInValidUserNameAndValidPassword" time="0.488"/>
  <testcase classname="testscripts.LoginTest" name="verifyLoginWithValidUserNameInvalidPassword" time="0.385"/>
</testsuite> <!-- Default test -->
