<?xml version="1.0" encoding="UTF-8"?>
<testng-results ignored="0" total="1" passed="1" failed="0" skipped="0">
  <reporter-output>
  </reporter-output>
  <suite started-at="2025-09-11T09:32:41 IST" name="Default suite" finished-at="2025-09-11T09:32:45 IST" duration-ms="3798">
    <groups>
    </groups>
    <test started-at="2025-09-11T09:32:41 IST" name="Default test" finished-at="2025-09-11T09:32:45 IST" duration-ms="3798">
      <class name="testscripts.LoginTest">
        <test-method is-config="true" signature="intialiseBrowser()[pri:0, instance:testscripts.LoginTest@5b12b668]" started-at="2025-09-11T09:32:41 IST" name="intialiseBrowser" finished-at="2025-09-11T09:32:43 IST" duration-ms="2067" status="PASS">
          <reporter-output>
          </reporter-output>
        </test-method> <!-- intialiseBrowser -->
        <test-method signature="verifyLoginWithValidCredentials()[pri:0, instance:testscripts.LoginTest@5b12b668]" started-at="2025-09-11T09:32:43 IST" name="verifyLoginWithValidCredentials" finished-at="2025-09-11T09:32:45 IST" duration-ms="1691" status="PASS">
          <reporter-output>
          </reporter-output>
        </test-method> <!-- verifyLoginWithValidCredentials -->
      </class> <!-- testscripts.LoginTest -->
    </test> <!-- Default test -->
  </suite> <!-- Default suite -->
</testng-results>
