<?xml version="1.0" encoding="UTF-8"?>
<testng-results ignored="0" total="1" passed="1" failed="0" skipped="0">
  <reporter-output>
  </reporter-output>
  <suite started-at="2025-09-10T19:23:03 IST" name="Default suite" finished-at="2025-09-10T19:23:06 IST" duration-ms="2872">
    <groups>
    </groups>
    <test started-at="2025-09-10T19:23:03 IST" name="Default test" finished-at="2025-09-10T19:23:06 IST" duration-ms="2872">
      <class name="testscripts.LoginTest">
        <test-method is-config="true" signature="intialiseBrowser()[pri:0, instance:testscripts.LoginTest@5b12b668]" started-at="2025-09-10T19:23:03 IST" name="intialiseBrowser" finished-at="2025-09-10T19:23:05 IST" duration-ms="1977" status="PASS">
          <reporter-output>
          </reporter-output>
        </test-method> <!-- intialiseBrowser -->
        <test-method signature="verifyLoginWithInValidCredentials()[pri:0, instance:testscripts.LoginTest@5b12b668]" started-at="2025-09-10T19:23:05 IST" name="verifyLoginWithInValidCredentials" finished-at="2025-09-10T19:23:06 IST" duration-ms="858" status="PASS">
          <reporter-output>
          </reporter-output>
        </test-method> <!-- verifyLoginWithInValidCredentials -->
      </class> <!-- testscripts.LoginTest -->
    </test> <!-- Default test -->
  </suite> <!-- Default suite -->
</testng-results>
